<?xml version="1.0" encoding="UTF-8"?>
<testsuite xmlns:xsi="http://www.w3.org/2001/XMLSchema-instance" xsi:noNamespaceSchemaLocation="https://maven.apache.org/surefire/maven-surefire-plugin/xsd/surefire-test-report.xsd" version="3.0.2" name="com.axelor.apps.selllicenseplates2.SellLicensePlates2ApplicationTests" time="4.3" tests="1" errors="0" skipped="0" failures="0">
  <properties>
[...]
</properties>
  <testcase name="contextLoads" classname="com.axelor.apps.selllicenseplates2.SellLicensePlates2ApplicationTests" time="0.257">
    <system-out><![CDATA[20:12:08.556 [main] INFO org.springframework.test.context.support.AnnotationConfigContextLoaderUtils -- Could not detect default configuration classes for test class [com.axelor.apps.selllicenseplates2.SellLicensePlates2ApplicationTests]: SellLicensePlates2ApplicationTests does not declare any static, non-private, non-final, nested classes annotated with @Configuration.
20:12:08.600 [main] INFO org.springframework.boot.test.context.SpringBootTestContextBootstrapper -- Found @SpringBootConfiguration com.axelor.apps.selllicenseplates2.SellLicensePlates2Application for test class com.axelor.apps.selllicenseplates2.SellLicensePlates2ApplicationTests

  .   ____          _            __ _ _
 /\\ / ___'_ __ _ _(_)_ __  __ _ \ \ \ \
( ( )\___ | '_ | '_| | '_ \/ _` | \ \ \ \
 \\/  ___)| |_)| | | | | || (_| |  ) ) ) )
  '  |____| .__|_| |_|_| |_\__, | / / / /
 =========|_|==============|___/=/_/_/_/

 :: Spring Boot ::                (v3.5.6)

2025-12-14T20:12:08.773+06:00  INFO 63386 --- [           main] a.a.s.SellLicensePlates2ApplicationTests : Starting SellLicensePlates2ApplicationTests using Java 21.0.9 with PID 63386 (started by argenashimov in /Users/argenashimov/java/axelor/sell-license)
2025-12-14T20:12:08.773+06:00  INFO 63386 --- [           main] a.a.s.SellLicensePlates2ApplicationTests : No active profile set, falling back to 1 default profile: "default"
2025-12-14T20:12:09.196+06:00  INFO 63386 --- [           main] .s.d.r.c.RepositoryConfigurationDelegate : Bootstrapping Spring Data JPA repositories in DEFAULT mode.
2025-12-14T20:12:09.233+06:00  INFO 63386 --- [           main] .s.d.r.c.RepositoryConfigurationDelegate : Finished Spring Data repository scanning in 31 ms. Found 6 JPA repository interfaces.
2025-12-14T20:12:09.443+06:00  INFO 63386 --- [           main] com.zaxxer.hikari.HikariDataSource       : HikariPool-1 - Starting...
2025-12-14T20:12:09.539+06:00  INFO 63386 --- [           main] com.zaxxer.hikari.pool.HikariPool        : HikariPool-1 - Added connection org.postgresql.jdbc.PgConnection@1491cd6c
2025-12-14T20:12:09.539+06:00  INFO 63386 --- [           main] com.zaxxer.hikari.HikariDataSource       : HikariPool-1 - Start completed.
2025-12-14T20:12:09.612+06:00  INFO 63386 --- [           main] liquibase.database                       : Set default schema name to public
2025-12-14T20:12:09.687+06:00  INFO 63386 --- [           main] liquibase.changelog                      : Reading resource: db/changelog/initial/001_create_base_user_table.yaml
2025-12-14T20:12:09.779+06:00  INFO 63386 --- [           main] liquibase.changelog                      : Reading from public.databasechangelog
2025-12-14T20:12:09.783+06:00  INFO 63386 --- [           main] liquibase.changelog                      : Reading resource: db/changelog/initial/002_create_region_table.yaml
2025-12-14T20:12:09.785+06:00  INFO 63386 --- [           main] liquibase.changelog                      : Reading resource: db/changelog/initial/003_create_car_number_lot_table.yaml
2025-12-14T20:12:09.789+06:00  INFO 63386 --- [           main] liquibase.changelog                      : Reading resource: db/changelog/initial/004_create_user_roles_table.yaml
2025-12-14T20:12:09.791+06:00  INFO 63386 --- [           main] liquibase.changelog                      : Reading resource: db/changelog/initial/005_create_feedback_table.yaml
2025-12-14T20:12:09.793+06:00  INFO 63386 --- [           main] liquibase.changelog                      : Reading resource: db/changelog/initial/006_create_blog_post_table.yaml
2025-12-14T20:12:09.794+06:00  INFO 63386 --- [           main] liquibase.changelog                      : Reading resource: db/changelog/initial/007_insert_regions.sql
2025-12-14T20:12:09.810+06:00  INFO 63386 --- [           main] liquibase.changelog                      : Reading resource: db/changelog/initial/008_change_limit_car_number_feedback_table.yaml
2025-12-14T20:12:09.811+06:00  INFO 63386 --- [           main] liquibase.changelog                      : Reading resource: db/changelog/initial/009_add_is_confirm_car_number_lots.yaml
2025-12-14T20:12:09.812+06:00  INFO 63386 --- [           main] liquibase.changelog                      : Reading resource: db/changelog/initial/010_insert_new_regions.sql
2025-12-14T20:12:09.820+06:00  INFO 63386 --- [           main] liquibase.changelog                      : Reading resource: db/changelog/initial/011_increase_price.yaml
2025-12-14T20:12:09.821+06:00  INFO 63386 --- [           main] liquibase.changelog                      : Reading resource: db/changelog/initial/012_delete_unique_constraint_full_car_number.yaml
2025-12-14T20:12:09.877+06:00  INFO 63386 --- [           main] liquibase.lockservice                    : Successfully acquired change log lock
2025-12-14T20:12:09.878+06:00  INFO 63386 --- [           main] liquibase.command                        : Using deploymentId: 5721529432
2025-12-14T20:12:09.879+06:00  INFO 63386 --- [           main] liquibase.changelog                      : Reading from public.databasechangelog
2025-12-14T20:12:09.884+06:00  INFO 63386 --- [           main] liquibase.ui                             : Running Changeset: db/changelog/initial/012_delete_unique_constraint_full_car_number.yaml::remove_unique_constraint_full_car_number::Argen
2025-12-14T20:12:09.894+06:00  INFO 63386 --- [           main] liquibase.changelog                      : Unique constraint car_number_lots_full_car_number_key dropped from car_number_lots
2025-12-14T20:12:09.895+06:00  INFO 63386 --- [           main] liquibase.changelog                      : ChangeSet db/changelog/initial/012_delete_unique_constraint_full_car_number.yaml::remove_unique_constraint_full_car_number::Argen ran successfully in 10ms
2025-12-14T20:12:09.902+06:00  INFO 63386 --- [           main] liquibase.util                           : UPDATE SUMMARY
2025-12-14T20:12:09.902+06:00  INFO 63386 --- [           main] liquibase.util                           : Run:                          1
2025-12-14T20:12:09.902+06:00  INFO 63386 --- [           main] liquibase.util                           : Previously run:              12
2025-12-14T20:12:09.902+06:00  INFO 63386 --- [           main] liquibase.util                           : Filtered out:                 0
2025-12-14T20:12:09.902+06:00  INFO 63386 --- [           main] liquibase.util                           : -------------------------------
2025-12-14T20:12:09.902+06:00  INFO 63386 --- [           main] liquibase.util                           : Total change sets:           13
2025-12-14T20:12:09.903+06:00  INFO 63386 --- [           main] liquibase.util                           : Update summary generated
2025-12-14T20:12:09.903+06:00  INFO 63386 --- [           main] liquibase.command                        : Update command completed successfully.
2025-12-14T20:12:09.903+06:00  INFO 63386 --- [           main] liquibase.ui                             : Liquibase: Update has been successful. Rows affected: 1
2025-12-14T20:12:09.908+06:00  INFO 63386 --- [           main] liquibase.lockservice                    : Successfully released change log lock
2025-12-14T20:12:09.909+06:00  INFO 63386 --- [           main] liquibase.command                        : Command execution complete
2025-12-14T20:12:11.477+06:00  INFO 63386 --- [           main] o.hibernate.jpa.internal.util.LogHelper  : HHH000204: Processing PersistenceUnitInfo [name: default]
2025-12-14T20:12:11.505+06:00  INFO 63386 --- [           main] org.hibernate.Version                    : HHH000412: Hibernate ORM core version 6.6.29.Final
2025-12-14T20:12:11.520+06:00  INFO 63386 --- [           main] o.h.c.internal.RegionFactoryInitiator    : HHH000026: Second-level cache disabled
2025-12-14T20:12:11.629+06:00  INFO 63386 --- [           main] o.s.o.j.p.SpringPersistenceUnitInfo      : No LoadTimeWeaver setup: ignoring JPA class transformer
2025-12-14T20:12:11.665+06:00  INFO 63386 --- [           main] org.hibernate.orm.connections.pooling    : HHH10001005: Database info:
	Database JDBC URL [Connecting through datasource 'HikariDataSource (HikariPool-1)']
	Database driver: undefined/unknown
	Database version: 16.11
	Autocommit mode: undefined/unknown
	Isolation level: undefined/unknown
	Minimum pool size: undefined/unknown
	Maximum pool size: undefined/unknown
2025-12-14T20:12:12.050+06:00  INFO 63386 --- [           main] o.h.e.t.j.p.i.JtaPlatformInitiator       : HHH000489: No JTA platform available (set 'hibernate.transaction.jta.platform' to enable JTA platform integration)
2025-12-14T20:12:12.051+06:00  INFO 63386 --- [           main] j.LocalContainerEntityManagerFactoryBean : Initialized JPA EntityManagerFactory for persistence unit 'default'
2025-12-14T20:12:12.254+06:00  WARN 63386 --- [           main] JpaBaseConfiguration$JpaWebConfiguration : spring.jpa.open-in-view is enabled by default. Therefore, database queries may be performed during view rendering. Explicitly configure spring.jpa.open-in-view to disable this warning
2025-12-14T20:12:12.267+06:00  INFO 63386 --- [           main] r$InitializeUserDetailsManagerConfigurer : Global AuthenticationManager configured with UserDetailsService bean with name userDetailServiceImpl
2025-12-14T20:12:12.539+06:00  INFO 63386 --- [           main] a.a.s.SellLicensePlates2ApplicationTests : Started SellLicensePlates2ApplicationTests in 3.887 seconds (process running for 4.279)
]]></system-out>
    <system-err><![CDATA[Mockito is currently self-attaching to enable the inline-mock-maker. This will no longer work in future releases of the JDK. Please add Mockito as an agent to your build as described in Mockito's documentation: https://javadoc.io/doc/org.mockito/mockito-core/latest/org.mockito/org/mockito/Mockito.html#0.3
WARNING: A Java agent has been loaded dynamically (/Users/argenashimov/.m2/repository/net/bytebuddy/byte-buddy-agent/1.17.7/byte-buddy-agent-1.17.7.jar)
WARNING: If a serviceability tool is in use, please run with -XX:+EnableDynamicAgentLoading to hide this warning
WARNING: If a serviceability tool is not in use, please run with -Djdk.instrument.traceUsage for more information
WARNING: Dynamic loading of agents will be disallowed by default in a future release
]]></system-err>
  </testcase>
</testsuite>